[debug] [2024-12-18T23:05:13.552Z] ----------------------------------------------------------------------
[debug] [2024-12-18T23:05:13.554Z] Command:       C:\Program Files\nodejs\node.exe C:\Users\USER\AppData\Roaming\npm\node_modules\firebase-tools\lib\bin\firebase.js init
[debug] [2024-12-18T23:05:13.555Z] CLI Version:   13.29.1
[debug] [2024-12-18T23:05:13.555Z] Platform:      win32
[debug] [2024-12-18T23:05:13.555Z] Node Version:  v22.12.0
[debug] [2024-12-18T23:05:13.555Z] Time:          Wed Dec 18 2024 18:05:13 GMT-0500 (hora estándar de Colombia)
[debug] [2024-12-18T23:05:13.555Z] ----------------------------------------------------------------------
[debug] 
[debug] [2024-12-18T23:05:13.561Z] > command requires scopes: ["email","openid","https://www.googleapis.com/auth/cloudplatformprojects.readonly","https://www.googleapis.com/auth/firebase","https://www.googleapis.com/auth/cloud-platform"]
[debug] [2024-12-18T23:05:13.561Z] > authorizing via signed-in user (williambayona.v@gmail.com)
[info] 
     ######## #### ########  ######## ########     ###     ######  ########
     ##        ##  ##     ## ##       ##     ##  ##   ##  ##       ##
     ######    ##  ########  ######   ########  #########  ######  ######
     ##        ##  ##    ##  ##       ##     ## ##     ##       ## ##
     ##       #### ##     ## ######## ########  ##     ##  ######  ########

You're about to initialize a Firebase project in this directory:

  C:\Users\USER\Desktop\Lemonde

[info] 
=== Project Setup
[info] 
[info] First, let's associate this project directory with a Firebase project.
[info] You can create multiple project aliases by running firebase use --add, 
[info] but for now we'll just set up a default project.
[info] 
[debug] [2024-12-18T23:05:21.869Z] Checked if tokens are valid: true, expires at: 1734566527029
[debug] [2024-12-18T23:05:21.870Z] Checked if tokens are valid: true, expires at: 1734566527029
[debug] [2024-12-18T23:05:21.870Z] >>> [apiv2][query] GET https://firebase.googleapis.com/v1beta1/projects pageSize=100
[debug] [2024-12-18T23:05:22.315Z] <<< [apiv2][status] GET https://firebase.googleapis.com/v1beta1/projects 200
[debug] [2024-12-18T23:05:22.315Z] <<< [apiv2][body] GET https://firebase.googleapis.com/v1beta1/projects [omitted]
[info] i  Using project lemonde-2a5b2 (Lemonde) 
[info] 
=== Hosting Setup
[debug] [2024-12-18T23:05:24.539Z] Checked if tokens are valid: true, expires at: 1734566527029
[debug] [2024-12-18T23:05:24.539Z] Checked if tokens are valid: true, expires at: 1734566527029
[debug] [2024-12-18T23:05:24.539Z] >>> [apiv2][query] GET https://firebase.googleapis.com/v1beta1/projects/lemonde-2a5b2 [none]
[debug] [2024-12-18T23:05:24.870Z] <<< [apiv2][status] GET https://firebase.googleapis.com/v1beta1/projects/lemonde-2a5b2 200
[debug] [2024-12-18T23:05:24.870Z] <<< [apiv2][body] GET https://firebase.googleapis.com/v1beta1/projects/lemonde-2a5b2 {"projectId":"lemonde-2a5b2","projectNumber":"682460520738","displayName":"Lemonde","name":"projects/lemonde-2a5b2","resources":{"hostingSite":"lemonde-2a5b2"},"state":"ACTIVE","etag":"1_2efce7f4-e72e-48b8-afb2-6c8ed5278107"}
[info] 
[info] Your public directory is the folder (relative to your project directory) that
[info] will contain Hosting assets to be uploaded with firebase deploy. If you
[info] have a build process for your assets, use your build's output directory.
[info] 
[info] +  Wrote public/404.html 
[debug] [2024-12-18T23:05:35.855Z] >>> [apiv2][query] GET https://www.gstatic.com/firebasejs/releases.json [none]
[debug] [2024-12-18T23:05:35.929Z] <<< [apiv2][status] GET https://www.gstatic.com/firebasejs/releases.json 200
[debug] [2024-12-18T23:05:35.929Z] <<< [apiv2][body] GET https://www.gstatic.com/firebasejs/releases.json {"current":{"version":"11.1.0","browserURL":"https://www.gstatic.com/firebasejs/11.1.0/firebase.js","packageURL":"https://www.gstatic.com/firebasejs/11.1.0/firebase.tgz"},"live":{"version":"11.1","browserURL":"https://www.gstatic.com/firebasejs/live/11.1/firebase.js","packageURL":"https://www.gstatic.com/firebasejs/live/11.1/firebase.tgz"},"components":{"analytics":"https://www.gstatic.com/firebasejs/11.1.0/firebase-analytics.js","app":"https://www.gstatic.com/firebasejs/11.1.0/firebase-app.js","app-check":"https://www.gstatic.com/firebasejs/11.1.0/firebase-app-check.js","auth":"https://www.gstatic.com/firebasejs/11.1.0/firebase-auth.js","auth/cordova":"https://www.gstatic.com/firebasejs/11.1.0/firebase-auth/cordova.js","auth/web-extension":"https://www.gstatic.com/firebasejs/11.1.0/firebase-auth/web-extension.js","functions":"https://www.gstatic.com/firebasejs/11.1.0/firebase-functions.js","firestore":"https://www.gstatic.com/firebasejs/11.1.0/firebase-firestore.js","firestore/lite":"https://www.gstatic.com/firebasejs/11.1.0/firebase-firestore/lite.js","installations":"https://www.gstatic.com/firebasejs/11.1.0/firebase-installations.js","storage":"https://www.gstatic.com/firebasejs/11.1.0/firebase-storage.js","performance":"https://www.gstatic.com/firebasejs/11.1.0/firebase-performance.js","remote-config":"https://www.gstatic.com/firebasejs/11.1.0/firebase-remote-config.js","messaging":"https://www.gstatic.com/firebasejs/11.1.0/firebase-messaging.js","messaging/sw":"https://www.gstatic.com/firebasejs/11.1.0/firebase-messaging/sw.js","database":"https://www.gstatic.com/firebasejs/11.1.0/firebase-database.js","vertexai":"https://www.gstatic.com/firebasejs/11.1.0/firebase-vertexai.js","data-connect":"https://www.gstatic.com/firebasejs/11.1.0/firebase-data-connect.js","firestore.memory":"https://www.gstatic.com/firebasejs/11.1.0/firebase-firestore.memory.js"}}
[info] +  Wrote public/index.html 
[info] 
[info] i  Didn't detect a .git folder. Assuming C:\Users\USER\Desktop\Lemonde is the project root. 
[info] i  Authorizing with GitHub to upload your service account to a GitHub repository's secrets store. 
[info] 
[info] Visit this URL on this device to log in:
[info] https://github.com/login/oauth/authorize?client_id=89cf50f02ac6aaed3484&state=774593754&redirect_uri=http%3A%2F%2Flocalhost%3A9005&scope=read%3Auser%20repo%20public_repo
[info] 
[info] Waiting for authentication...
